C:\Program Files (x86)\Microsoft Visual Studio\2019\Community\MSBuild\Microsoft\VC\v160\Microsoft.CppBuild.targets(444,5): warning MSB8004: Intermediate Directory does not end with a trailing slash.  This build instance will add the slash as it is required to allow proper evaluation of the Intermediate Directory.
C:\Program Files (x86)\Microsoft Visual Studio\2019\Community\MSBuild\Microsoft\VC\v160\Microsoft.CppBuild.targets(445,5): warning MSB8004: Output Directory does not end with a trailing slash.  This build instance will add the slash as it is required to allow proper evaluation of the Output Directory.
  menu.cpp
C:\Users\Administrador\Desktop\asteroid\menu.cpp(29,67): warning C4244: 'argumento': conversión de 'float' a 'int'; posible pérdida de datos
C:\Users\Administrador\Desktop\asteroid\menu.cpp(29,51): warning C4244: 'argumento': conversión de 'float' a 'int'; posible pérdida de datos
C:\Users\Administrador\Desktop\asteroid\menu.cpp(29,39): warning C4244: 'argumento': conversión de 'float' a 'int'; posible pérdida de datos
C:\Users\Administrador\Desktop\asteroid\menu.cpp(29,27): warning C4244: 'argumento': conversión de 'float' a 'int'; posible pérdida de datos
C:\Users\Administrador\Desktop\asteroid\menu.cpp(60,83): warning C4244: 'argumento': conversión de 'float' a 'int'; posible pérdida de datos
C:\Users\Administrador\Desktop\asteroid\menu.cpp(60,64): warning C4244: 'argumento': conversión de 'float' a 'int'; posible pérdida de datos
C:\Users\Administrador\Desktop\asteroid\menu.cpp(60,49): warning C4244: 'argumento': conversión de 'float' a 'int'; posible pérdida de datos
C:\Users\Administrador\Desktop\asteroid\menu.cpp(60,34): warning C4244: 'argumento': conversión de 'float' a 'int'; posible pérdida de datos
C:\Users\Administrador\Desktop\asteroid\menu.cpp(63,64): warning C4244: 'argumento': conversión de 'float' a 'int'; posible pérdida de datos
C:\Users\Administrador\Desktop\asteroid\menu.cpp(63,44): warning C4244: 'argumento': conversión de 'float' a 'int'; posible pérdida de datos
C:\Users\Administrador\Desktop\asteroid\menu.cpp(72,67): warning C4244: 'argumento': conversión de 'float' a 'int'; posible pérdida de datos
C:\Users\Administrador\Desktop\asteroid\menu.cpp(72,47): warning C4244: 'argumento': conversión de 'float' a 'int'; posible pérdida de datos
C:\Users\Administrador\Desktop\asteroid\menu.cpp(81,64): warning C4244: 'argumento': conversión de 'float' a 'int'; posible pérdida de datos
C:\Users\Administrador\Desktop\asteroid\menu.cpp(81,44): warning C4244: 'argumento': conversión de 'float' a 'int'; posible pérdida de datos
  Asteroids_GonzalezDaniela.vcxproj -> C:\Users\Administrador\Desktop\asteroid\bin\Asteroids_GonzalezDaniela.exe
  Assets\cap.png
  Assets\conoShip.png
  Assets\onion.png
  Assets\while(true).png
  4 archivo(s) copiado(s)
